Resolving dependencies...
Downloading packages...
  _fe_analyzer_shared 85.0.0 (92.0.0 available)
  analyzer 7.6.0 (9.0.0 available)
  analyzer_plugin 0.13.4 (0.13.11 available)
  build 2.5.4 (4.0.3 available)
  build_config 1.1.2 (1.2.0 available)
  build_resolvers 2.5.4 (3.0.4 available)
  build_runner 2.5.4 (2.10.4 available)
  build_runner_core 9.1.2 (9.3.2 available)
  characters 1.4.0 (1.4.1 available)
  custom_lint_core 0.7.5 (0.8.2 available)
  custom_lint_visitor 1.0.0+7.7.0 (1.0.0+9.0.0 available)
  dart_style 3.1.1 (3.1.3 available)
  drift 2.28.2 (2.30.0 available)
  drift_dev 2.28.0 (2.30.0 available)
  flutter_lints 4.0.0 (6.0.0 available)
  flutter_riverpod 2.6.1 (3.1.0 available)
  flutter_timezone 3.0.1 (5.0.1 available)
  go_router 14.8.1 (17.0.1 available)
  intl 0.19.0 (0.20.2 available)
  lints 4.0.0 (6.0.0 available)
  matcher 0.12.17 (0.12.18 available)
  material_color_utilities 0.11.1 (0.13.0 available)
  riverpod 2.6.1 (3.1.0 available)
  riverpod_annotation 2.6.1 (4.0.0 available)
  riverpod_generator 2.6.5 (4.0.0+1 available)
  source_gen 2.0.0 (4.1.1 available)
  sqlite3 2.9.4 (3.1.2 available)
  sqlparser 0.41.2 (0.42.1 available)
  test_api 0.7.7 (0.7.8 available)
Got dependencies!
29 packages have newer versions incompatible with dependency constraints.
Try `flutter pub outdated` for more information.
Running Gradle task 'assembleRelease'...                        
Font asset "CupertinoIcons.ttf" was tree-shaken, reducing it from 257628 to 848 bytes (99.7% reduction). Tree-shaking can be disabled by providing the --no-tree-shake-icons flag when building your app.
Font asset "MaterialIcons-Regular.otf" was tree-shaken, reducing it from 1645184 to 3428 bytes (99.8% reduction). Tree-shaking can be disabled by providing the --no-tree-shake-icons flag when building your app.
Running Gradle task 'assembleRelease'...                           34.3s
✓ Built build/app/outputs/flutter-apk/app-release.apk (59.4MB)
